Files already downloaded and verified
USE 1 GPUs!
Epoch: 0 | Batch_idx: 195 |  Loss: (1.8447) | Acc: (33.00%) (16502/50000)
# TEST : Loss: (1.5836) | Acc: (41.54%) (4154/10000)
Epoch: 1 | Batch_idx: 195 |  Loss: (1.4761) | Acc: (46.16%) (23082/50000)
# TEST : Loss: (1.3598) | Acc: (50.10%) (5010/10000)
Epoch: 2 | Batch_idx: 195 |  Loss: (1.2719) | Acc: (53.68%) (26841/50000)
# TEST : Loss: (1.1911) | Acc: (58.61%) (5861/10000)
Epoch: 3 | Batch_idx: 195 |  Loss: (1.1320) | Acc: (59.58%) (29790/50000)
# TEST : Loss: (1.1078) | Acc: (60.96%) (6096/10000)
Epoch: 4 | Batch_idx: 195 |  Loss: (1.0293) | Acc: (63.39%) (31697/50000)
# TEST : Loss: (0.9827) | Acc: (65.50%) (6550/10000)
Epoch: 5 | Batch_idx: 195 |  Loss: (0.9383) | Acc: (67.02%) (33509/50000)
# TEST : Loss: (0.8819) | Acc: (69.82%) (6982/10000)
Epoch: 6 | Batch_idx: 195 |  Loss: (0.8618) | Acc: (69.88%) (34939/50000)
# TEST : Loss: (0.7523) | Acc: (74.20%) (7420/10000)
Epoch: 7 | Batch_idx: 195 |  Loss: (0.7907) | Acc: (72.32%) (36160/50000)
# TEST : Loss: (0.8047) | Acc: (72.48%) (7248/10000)
Epoch: 8 | Batch_idx: 195 |  Loss: (0.7352) | Acc: (74.34%) (37172/50000)
# TEST : Loss: (0.7797) | Acc: (74.77%) (7477/10000)
Epoch: 9 | Batch_idx: 195 |  Loss: (0.6857) | Acc: (76.23%) (38117/50000)
# TEST : Loss: (0.6420) | Acc: (77.75%) (7775/10000)
Epoch: 10 | Batch_idx: 195 |  Loss: (0.6485) | Acc: (77.35%) (38676/50000)
# TEST : Loss: (0.5998) | Acc: (79.57%) (7957/10000)
Epoch: 11 | Batch_idx: 195 |  Loss: (0.6115) | Acc: (78.78%) (39389/50000)
# TEST : Loss: (0.5692) | Acc: (80.54%) (8054/10000)
Epoch: 12 | Batch_idx: 195 |  Loss: (0.5752) | Acc: (79.86%) (39932/50000)
# TEST : Loss: (0.6056) | Acc: (79.63%) (7963/10000)
Epoch: 13 | Batch_idx: 195 |  Loss: (0.5446) | Acc: (80.97%) (40483/50000)
# TEST : Loss: (0.5283) | Acc: (81.80%) (8180/10000)
Epoch: 14 | Batch_idx: 195 |  Loss: (0.5214) | Acc: (81.67%) (40834/50000)
# TEST : Loss: (0.4924) | Acc: (83.13%) (8313/10000)
Epoch: 15 | Batch_idx: 195 |  Loss: (0.4907) | Acc: (82.98%) (41492/50000)
# TEST : Loss: (0.4800) | Acc: (84.17%) (8417/10000)
Epoch: 16 | Batch_idx: 195 |  Loss: (0.4704) | Acc: (83.59%) (41796/50000)
# TEST : Loss: (0.4911) | Acc: (83.43%) (8343/10000)
Epoch: 17 | Batch_idx: 195 |  Loss: (0.4499) | Acc: (84.43%) (42216/50000)
# TEST : Loss: (0.4607) | Acc: (84.67%) (8467/10000)
Epoch: 18 | Batch_idx: 195 |  Loss: (0.4338) | Acc: (84.85%) (42427/50000)
# TEST : Loss: (0.4581) | Acc: (84.34%) (8434/10000)
Epoch: 19 | Batch_idx: 195 |  Loss: (0.4105) | Acc: (85.50%) (42750/50000)
# TEST : Loss: (0.4176) | Acc: (86.25%) (8625/10000)
Epoch: 20 | Batch_idx: 195 |  Loss: (0.3995) | Acc: (86.01%) (43005/50000)
# TEST : Loss: (0.4399) | Acc: (85.72%) (8572/10000)
Epoch: 21 | Batch_idx: 195 |  Loss: (0.3851) | Acc: (86.62%) (43312/50000)
# TEST : Loss: (0.4118) | Acc: (86.10%) (8610/10000)
Epoch: 22 | Batch_idx: 195 |  Loss: (0.3707) | Acc: (87.03%) (43517/50000)
# TEST : Loss: (0.4351) | Acc: (85.23%) (8523/10000)
Epoch: 23 | Batch_idx: 195 |  Loss: (0.3534) | Acc: (87.70%) (43851/50000)
# TEST : Loss: (0.3912) | Acc: (87.46%) (8746/10000)
Epoch: 24 | Batch_idx: 195 |  Loss: (0.3398) | Acc: (88.01%) (44003/50000)
# TEST : Loss: (0.4354) | Acc: (86.49%) (8649/10000)
Epoch: 25 | Batch_idx: 195 |  Loss: (0.3304) | Acc: (88.40%) (44201/50000)
# TEST : Loss: (0.4191) | Acc: (86.84%) (8684/10000)
Epoch: 26 | Batch_idx: 195 |  Loss: (0.3219) | Acc: (88.60%) (44302/50000)
# TEST : Loss: (0.3873) | Acc: (87.77%) (8777/10000)
Epoch: 27 | Batch_idx: 195 |  Loss: (0.3088) | Acc: (89.05%) (44527/50000)
# TEST : Loss: (0.3769) | Acc: (88.12%) (8812/10000)
Epoch: 28 | Batch_idx: 195 |  Loss: (0.2921) | Acc: (89.71%) (44855/50000)
# TEST : Loss: (0.4339) | Acc: (86.87%) (8687/10000)
Epoch: 29 | Batch_idx: 195 |  Loss: (0.2856) | Acc: (89.98%) (44988/50000)
# TEST : Loss: (0.3942) | Acc: (87.81%) (8781/10000)
Epoch: 30 | Batch_idx: 195 |  Loss: (0.2745) | Acc: (90.39%) (45197/50000)
# TEST : Loss: (0.4142) | Acc: (87.38%) (8738/10000)
Epoch: 31 | Batch_idx: 195 |  Loss: (0.2676) | Acc: (90.55%) (45275/50000)
# TEST : Loss: (0.4036) | Acc: (87.49%) (8749/10000)
Epoch: 32 | Batch_idx: 195 |  Loss: (0.2587) | Acc: (90.89%) (45446/50000)
# TEST : Loss: (0.3607) | Acc: (88.99%) (8899/10000)
Epoch: 33 | Batch_idx: 195 |  Loss: (0.2514) | Acc: (91.16%) (45582/50000)
# TEST : Loss: (0.3723) | Acc: (88.35%) (8835/10000)
Epoch: 34 | Batch_idx: 195 |  Loss: (0.2445) | Acc: (91.30%) (45648/50000)
# TEST : Loss: (0.3781) | Acc: (88.38%) (8838/10000)
Epoch: 35 | Batch_idx: 195 |  Loss: (0.2267) | Acc: (91.99%) (45997/50000)
# TEST : Loss: (0.3926) | Acc: (88.43%) (8843/10000)
Epoch: 36 | Batch_idx: 195 |  Loss: (0.2275) | Acc: (92.01%) (46005/50000)
# TEST : Loss: (0.3729) | Acc: (89.26%) (8926/10000)
Epoch: 37 | Batch_idx: 195 |  Loss: (0.2201) | Acc: (92.12%) (46061/50000)
# TEST : Loss: (0.3534) | Acc: (89.11%) (8911/10000)
Epoch: 38 | Batch_idx: 195 |  Loss: (0.2155) | Acc: (92.46%) (46228/50000)
# TEST : Loss: (0.3740) | Acc: (89.09%) (8909/10000)
Epoch: 39 | Batch_idx: 195 |  Loss: (0.2098) | Acc: (92.56%) (46278/50000)
# TEST : Loss: (0.3945) | Acc: (88.91%) (8891/10000)
Epoch: 40 | Batch_idx: 195 |  Loss: (0.2046) | Acc: (92.79%) (46396/50000)
# TEST : Loss: (0.3506) | Acc: (89.57%) (8957/10000)
Epoch: 41 | Batch_idx: 195 |  Loss: (0.1952) | Acc: (93.12%) (46561/50000)
# TEST : Loss: (0.3737) | Acc: (89.09%) (8909/10000)
Epoch: 42 | Batch_idx: 195 |  Loss: (0.1898) | Acc: (93.31%) (46653/50000)
# TEST : Loss: (0.3548) | Acc: (90.35%) (9035/10000)
Epoch: 43 | Batch_idx: 195 |  Loss: (0.1817) | Acc: (93.56%) (46778/50000)
# TEST : Loss: (0.3666) | Acc: (89.75%) (8975/10000)
Epoch: 44 | Batch_idx: 195 |  Loss: (0.1765) | Acc: (93.83%) (46914/50000)
# TEST : Loss: (0.3549) | Acc: (89.63%) (8963/10000)
Epoch: 45 | Batch_idx: 195 |  Loss: (0.1746) | Acc: (93.81%) (46906/50000)
# TEST : Loss: (0.3481) | Acc: (90.11%) (9011/10000)
Epoch: 46 | Batch_idx: 195 |  Loss: (0.1681) | Acc: (94.03%) (47015/50000)
# TEST : Loss: (0.3675) | Acc: (89.65%) (8965/10000)
Epoch: 47 | Batch_idx: 195 |  Loss: (0.1641) | Acc: (94.07%) (47037/50000)
# TEST : Loss: (0.3478) | Acc: (90.43%) (9043/10000)
Epoch: 48 | Batch_idx: 195 |  Loss: (0.1563) | Acc: (94.31%) (47156/50000)
# TEST : Loss: (0.3990) | Acc: (89.25%) (8925/10000)
Epoch: 49 | Batch_idx: 195 |  Loss: (0.1581) | Acc: (94.37%) (47183/50000)
# TEST : Loss: (0.3618) | Acc: (90.14%) (9014/10000)
Epoch: 50 | Batch_idx: 195 |  Loss: (0.1482) | Acc: (94.70%) (47351/50000)
# TEST : Loss: (0.3674) | Acc: (89.41%) (8941/10000)
Epoch: 51 | Batch_idx: 195 |  Loss: (0.1449) | Acc: (94.98%) (47490/50000)
# TEST : Loss: (0.4108) | Acc: (89.41%) (8941/10000)
Epoch: 52 | Batch_idx: 195 |  Loss: (0.1427) | Acc: (95.01%) (47504/50000)
# TEST : Loss: (0.3571) | Acc: (90.22%) (9022/10000)
Epoch: 53 | Batch_idx: 195 |  Loss: (0.1418) | Acc: (95.04%) (47520/50000)
# TEST : Loss: (0.3701) | Acc: (90.02%) (9002/10000)
Epoch: 54 | Batch_idx: 195 |  Loss: (0.1325) | Acc: (95.29%) (47646/50000)
# TEST : Loss: (0.3567) | Acc: (90.23%) (9023/10000)
Epoch: 55 | Batch_idx: 195 |  Loss: (0.1358) | Acc: (95.18%) (47589/50000)
# TEST : Loss: (0.3438) | Acc: (90.42%) (9042/10000)
Epoch: 56 | Batch_idx: 195 |  Loss: (0.1296) | Acc: (95.38%) (47692/50000)
# TEST : Loss: (0.3618) | Acc: (90.18%) (9018/10000)
Epoch: 57 | Batch_idx: 195 |  Loss: (0.1255) | Acc: (95.68%) (47839/50000)
# TEST : Loss: (0.3515) | Acc: (90.35%) (9035/10000)
Epoch: 58 | Batch_idx: 195 |  Loss: (0.1219) | Acc: (95.65%) (47823/50000)
# TEST : Loss: (0.4198) | Acc: (89.51%) (8951/10000)
Epoch: 59 | Batch_idx: 195 |  Loss: (0.1231) | Acc: (95.68%) (47838/50000)
# TEST : Loss: (0.3814) | Acc: (90.61%) (9061/10000)
Epoch: 60 | Batch_idx: 195 |  Loss: (0.1161) | Acc: (95.94%) (47971/50000)
# TEST : Loss: (0.3981) | Acc: (90.07%) (9007/10000)
Epoch: 61 | Batch_idx: 195 |  Loss: (0.1124) | Acc: (96.00%) (48001/50000)
# TEST : Loss: (0.3968) | Acc: (90.02%) (9002/10000)
Epoch: 62 | Batch_idx: 195 |  Loss: (0.1089) | Acc: (96.13%) (48064/50000)
# TEST : Loss: (0.4216) | Acc: (90.01%) (9001/10000)
Epoch: 63 | Batch_idx: 195 |  Loss: (0.1153) | Acc: (95.85%) (47925/50000)
# TEST : Loss: (0.3869) | Acc: (90.32%) (9032/10000)
Epoch: 64 | Batch_idx: 195 |  Loss: (0.1059) | Acc: (96.23%) (48113/50000)
# TEST : Loss: (0.3778) | Acc: (90.53%) (9053/10000)
Epoch: 65 | Batch_idx: 195 |  Loss: (0.1005) | Acc: (96.46%) (48229/50000)
# TEST : Loss: (0.4234) | Acc: (89.88%) (8988/10000)
Epoch: 66 | Batch_idx: 195 |  Loss: (0.1035) | Acc: (96.37%) (48184/50000)
# TEST : Loss: (0.3962) | Acc: (90.61%) (9061/10000)
Epoch: 67 | Batch_idx: 195 |  Loss: (0.0941) | Acc: (96.72%) (48359/50000)
# TEST : Loss: (0.3942) | Acc: (90.34%) (9034/10000)
Epoch: 68 | Batch_idx: 195 |  Loss: (0.0995) | Acc: (96.45%) (48225/50000)
# TEST : Loss: (0.3857) | Acc: (90.62%) (9062/10000)
Epoch: 69 | Batch_idx: 195 |  Loss: (0.0904) | Acc: (96.82%) (48410/50000)
# TEST : Loss: (0.3804) | Acc: (91.01%) (9101/10000)
Epoch: 70 | Batch_idx: 195 |  Loss: (0.0903) | Acc: (96.79%) (48395/50000)
# TEST : Loss: (0.3978) | Acc: (90.76%) (9076/10000)
Epoch: 71 | Batch_idx: 195 |  Loss: (0.0917) | Acc: (96.72%) (48360/50000)
# TEST : Loss: (0.4006) | Acc: (90.25%) (9025/10000)
Epoch: 72 | Batch_idx: 195 |  Loss: (0.0936) | Acc: (96.72%) (48358/50000)
# TEST : Loss: (0.3689) | Acc: (90.80%) (9080/10000)
Epoch: 73 | Batch_idx: 195 |  Loss: (0.0880) | Acc: (96.87%) (48437/50000)
# TEST : Loss: (0.3899) | Acc: (90.49%) (9049/10000)
Epoch: 74 | Batch_idx: 195 |  Loss: (0.0808) | Acc: (97.17%) (48583/50000)
# TEST : Loss: (0.3845) | Acc: (90.89%) (9089/10000)
Epoch: 75 | Batch_idx: 195 |  Loss: (0.0865) | Acc: (97.09%) (48545/50000)
# TEST : Loss: (0.3999) | Acc: (90.90%) (9090/10000)
Epoch: 76 | Batch_idx: 195 |  Loss: (0.0834) | Acc: (97.00%) (48501/50000)
# TEST : Loss: (0.3888) | Acc: (90.92%) (9092/10000)
Epoch: 77 | Batch_idx: 195 |  Loss: (0.0814) | Acc: (97.22%) (48610/50000)
# TEST : Loss: (0.4050) | Acc: (90.86%) (9086/10000)
Epoch: 78 | Batch_idx: 195 |  Loss: (0.0813) | Acc: (97.13%) (48567/50000)
# TEST : Loss: (0.3827) | Acc: (90.92%) (9092/10000)
Epoch: 79 | Batch_idx: 195 |  Loss: (0.0788) | Acc: (97.21%) (48605/50000)
# TEST : Loss: (0.4083) | Acc: (90.56%) (9056/10000)
Epoch: 80 | Batch_idx: 195 |  Loss: (0.0766) | Acc: (97.24%) (48620/50000)
# TEST : Loss: (0.3932) | Acc: (90.79%) (9079/10000)
Epoch: 81 | Batch_idx: 195 |  Loss: (0.0737) | Acc: (97.40%) (48699/50000)
# TEST : Loss: (0.3994) | Acc: (90.96%) (9096/10000)
Epoch: 82 | Batch_idx: 195 |  Loss: (0.0709) | Acc: (97.55%) (48775/50000)
# TEST : Loss: (0.4467) | Acc: (89.98%) (8998/10000)
Epoch: 83 | Batch_idx: 195 |  Loss: (0.0729) | Acc: (97.47%) (48735/50000)
# TEST : Loss: (0.4182) | Acc: (90.73%) (9073/10000)
Epoch: 84 | Batch_idx: 195 |  Loss: (0.0713) | Acc: (97.45%) (48725/50000)
# TEST : Loss: (0.4064) | Acc: (90.99%) (9099/10000)
Epoch: 85 | Batch_idx: 195 |  Loss: (0.0717) | Acc: (97.48%) (48740/50000)
# TEST : Loss: (0.4077) | Acc: (90.66%) (9066/10000)
Epoch: 86 | Batch_idx: 195 |  Loss: (0.0701) | Acc: (97.52%) (48760/50000)
# TEST : Loss: (0.3996) | Acc: (90.89%) (9089/10000)
Epoch: 87 | Batch_idx: 195 |  Loss: (0.0629) | Acc: (97.83%) (48917/50000)
# TEST : Loss: (0.4063) | Acc: (91.00%) (9100/10000)
Epoch: 88 | Batch_idx: 195 |  Loss: (0.0659) | Acc: (97.69%) (48846/50000)
# TEST : Loss: (0.4040) | Acc: (91.06%) (9106/10000)
Epoch: 89 | Batch_idx: 195 |  Loss: (0.0664) | Acc: (97.70%) (48850/50000)
# TEST : Loss: (0.3894) | Acc: (90.82%) (9082/10000)
Epoch: 90 | Batch_idx: 195 |  Loss: (0.0616) | Acc: (97.85%) (48925/50000)
# TEST : Loss: (0.4261) | Acc: (91.07%) (9107/10000)
Epoch: 91 | Batch_idx: 195 |  Loss: (0.0699) | Acc: (97.63%) (48814/50000)
# TEST : Loss: (0.4161) | Acc: (91.01%) (9101/10000)
Epoch: 92 | Batch_idx: 195 |  Loss: (0.0586) | Acc: (98.02%) (49012/50000)
# TEST : Loss: (0.4011) | Acc: (90.96%) (9096/10000)
Epoch: 93 | Batch_idx: 195 |  Loss: (0.0620) | Acc: (97.82%) (48910/50000)
# TEST : Loss: (0.4366) | Acc: (90.77%) (9077/10000)
Epoch: 94 | Batch_idx: 195 |  Loss: (0.0576) | Acc: (97.96%) (48979/50000)
# TEST : Loss: (0.4239) | Acc: (91.22%) (9122/10000)
Epoch: 95 | Batch_idx: 195 |  Loss: (0.0583) | Acc: (97.93%) (48964/50000)
# TEST : Loss: (0.4381) | Acc: (90.51%) (9051/10000)
Epoch: 96 | Batch_idx: 195 |  Loss: (0.0615) | Acc: (97.83%) (48916/50000)
# TEST : Loss: (0.4073) | Acc: (90.69%) (9069/10000)
Epoch: 97 | Batch_idx: 195 |  Loss: (0.0565) | Acc: (98.05%) (49026/50000)
# TEST : Loss: (0.4373) | Acc: (91.18%) (9118/10000)
Epoch: 98 | Batch_idx: 195 |  Loss: (0.0635) | Acc: (97.75%) (48877/50000)
# TEST : Loss: (0.4325) | Acc: (90.87%) (9087/10000)
Epoch: 99 | Batch_idx: 195 |  Loss: (0.0563) | Acc: (98.01%) (49006/50000)
# TEST : Loss: (0.3895) | Acc: (91.23%) (9123/10000)
Epoch: 100 | Batch_idx: 195 |  Loss: (0.0516) | Acc: (98.21%) (49103/50000)
# TEST : Loss: (0.4468) | Acc: (90.82%) (9082/10000)
Epoch: 101 | Batch_idx: 195 |  Loss: (0.0562) | Acc: (98.03%) (49017/50000)
# TEST : Loss: (0.4153) | Acc: (90.86%) (9086/10000)
Epoch: 102 | Batch_idx: 195 |  Loss: (0.0481) | Acc: (98.32%) (49159/50000)
# TEST : Loss: (0.4170) | Acc: (91.09%) (9109/10000)
Epoch: 103 | Batch_idx: 195 |  Loss: (0.0540) | Acc: (98.15%) (49075/50000)
# TEST : Loss: (0.4128) | Acc: (91.15%) (9115/10000)
Epoch: 104 | Batch_idx: 195 |  Loss: (0.0492) | Acc: (98.34%) (49170/50000)
# TEST : Loss: (0.4178) | Acc: (91.00%) (9100/10000)
Epoch: 105 | Batch_idx: 195 |  Loss: (0.0486) | Acc: (98.39%) (49196/50000)
# TEST : Loss: (0.4271) | Acc: (90.82%) (9082/10000)
Epoch: 106 | Batch_idx: 195 |  Loss: (0.0527) | Acc: (98.12%) (49061/50000)
# TEST : Loss: (0.4246) | Acc: (91.03%) (9103/10000)
Epoch: 107 | Batch_idx: 195 |  Loss: (0.0469) | Acc: (98.36%) (49178/50000)
# TEST : Loss: (0.4285) | Acc: (91.25%) (9125/10000)
Epoch: 108 | Batch_idx: 195 |  Loss: (0.0485) | Acc: (98.32%) (49159/50000)
# TEST : Loss: (0.4274) | Acc: (91.00%) (9100/10000)
Epoch: 109 | Batch_idx: 195 |  Loss: (0.0509) | Acc: (98.22%) (49112/50000)
# TEST : Loss: (0.4280) | Acc: (90.90%) (9090/10000)
Epoch: 110 | Batch_idx: 195 |  Loss: (0.0475) | Acc: (98.32%) (49160/50000)
# TEST : Loss: (0.4204) | Acc: (91.03%) (9103/10000)
Epoch: 111 | Batch_idx: 195 |  Loss: (0.0438) | Acc: (98.45%) (49226/50000)
# TEST : Loss: (0.4217) | Acc: (91.36%) (9136/10000)
Epoch: 112 | Batch_idx: 195 |  Loss: (0.0449) | Acc: (98.44%) (49220/50000)
# TEST : Loss: (0.4234) | Acc: (91.02%) (9102/10000)
Epoch: 113 | Batch_idx: 195 |  Loss: (0.0485) | Acc: (98.32%) (49161/50000)
# TEST : Loss: (0.4231) | Acc: (90.96%) (9096/10000)
Epoch: 114 | Batch_idx: 195 |  Loss: (0.0483) | Acc: (98.34%) (49171/50000)
# TEST : Loss: (0.4448) | Acc: (90.71%) (9071/10000)
Epoch: 115 | Batch_idx: 195 |  Loss: (0.0465) | Acc: (98.39%) (49195/50000)
# TEST : Loss: (0.4046) | Acc: (91.30%) (9130/10000)
Epoch: 116 | Batch_idx: 195 |  Loss: (0.0450) | Acc: (98.41%) (49205/50000)
# TEST : Loss: (0.4597) | Acc: (90.54%) (9054/10000)
Epoch: 117 | Batch_idx: 195 |  Loss: (0.0401) | Acc: (98.63%) (49317/50000)
# TEST : Loss: (0.4286) | Acc: (91.15%) (9115/10000)
Epoch: 118 | Batch_idx: 195 |  Loss: (0.0450) | Acc: (98.40%) (49202/50000)
# TEST : Loss: (0.4331) | Acc: (91.04%) (9104/10000)
Epoch: 119 | Batch_idx: 195 |  Loss: (0.0429) | Acc: (98.53%) (49265/50000)
# TEST : Loss: (0.4578) | Acc: (91.04%) (9104/10000)
Epoch: 120 | Batch_idx: 195 |  Loss: (0.0421) | Acc: (98.57%) (49286/50000)
# TEST : Loss: (0.4412) | Acc: (91.07%) (9107/10000)
Epoch: 121 | Batch_idx: 195 |  Loss: (0.0425) | Acc: (98.47%) (49235/50000)
# TEST : Loss: (0.4368) | Acc: (90.70%) (9070/10000)
Epoch: 122 | Batch_idx: 195 |  Loss: (0.0404) | Acc: (98.61%) (49306/50000)
# TEST : Loss: (0.4783) | Acc: (90.35%) (9035/10000)
Epoch: 123 | Batch_idx: 195 |  Loss: (0.0431) | Acc: (98.52%) (49262/50000)
# TEST : Loss: (0.4315) | Acc: (91.38%) (9138/10000)
Epoch: 124 | Batch_idx: 195 |  Loss: (0.0386) | Acc: (98.62%) (49311/50000)
# TEST : Loss: (0.3995) | Acc: (91.50%) (9150/10000)
Epoch: 125 | Batch_idx: 195 |  Loss: (0.0430) | Acc: (98.49%) (49246/50000)
# TEST : Loss: (0.4459) | Acc: (91.40%) (9140/10000)
Epoch: 126 | Batch_idx: 195 |  Loss: (0.0359) | Acc: (98.84%) (49419/50000)
# TEST : Loss: (0.4605) | Acc: (90.94%) (9094/10000)
Epoch: 127 | Batch_idx: 195 |  Loss: (0.0410) | Acc: (98.62%) (49309/50000)
# TEST : Loss: (0.4391) | Acc: (91.40%) (9140/10000)
Epoch: 128 | Batch_idx: 195 |  Loss: (0.0399) | Acc: (98.58%) (49291/50000)
# TEST : Loss: (0.4471) | Acc: (91.13%) (9113/10000)
Epoch: 129 | Batch_idx: 195 |  Loss: (0.0418) | Acc: (98.54%) (49270/50000)
# TEST : Loss: (0.3996) | Acc: (91.45%) (9145/10000)
Epoch: 130 | Batch_idx: 195 |  Loss: (0.0356) | Acc: (98.83%) (49413/50000)
# TEST : Loss: (0.4289) | Acc: (91.13%) (9113/10000)
Epoch: 131 | Batch_idx: 195 |  Loss: (0.0404) | Acc: (98.62%) (49310/50000)
# TEST : Loss: (0.4218) | Acc: (91.83%) (9183/10000)
Epoch: 132 | Batch_idx: 195 |  Loss: (0.0381) | Acc: (98.67%) (49335/50000)
# TEST : Loss: (0.4611) | Acc: (90.89%) (9089/10000)
Epoch: 133 | Batch_idx: 195 |  Loss: (0.0381) | Acc: (98.72%) (49358/50000)
# TEST : Loss: (0.4098) | Acc: (91.52%) (9152/10000)
Epoch: 134 | Batch_idx: 195 |  Loss: (0.0388) | Acc: (98.68%) (49341/50000)
# TEST : Loss: (0.4653) | Acc: (90.69%) (9069/10000)
Epoch: 135 | Batch_idx: 195 |  Loss: (0.0343) | Acc: (98.79%) (49397/50000)
# TEST : Loss: (0.4468) | Acc: (91.08%) (9108/10000)
Epoch: 136 | Batch_idx: 195 |  Loss: (0.0380) | Acc: (98.73%) (49367/50000)
# TEST : Loss: (0.4472) | Acc: (91.10%) (9110/10000)
Epoch: 137 | Batch_idx: 195 |  Loss: (0.0341) | Acc: (98.80%) (49398/50000)
# TEST : Loss: (0.4284) | Acc: (90.95%) (9095/10000)
Epoch: 138 | Batch_idx: 195 |  Loss: (0.0356) | Acc: (98.76%) (49382/50000)
# TEST : Loss: (0.4729) | Acc: (90.86%) (9086/10000)
Epoch: 139 | Batch_idx: 195 |  Loss: (0.0403) | Acc: (98.63%) (49317/50000)
# TEST : Loss: (0.4594) | Acc: (90.92%) (9092/10000)
Epoch: 140 | Batch_idx: 195 |  Loss: (0.0354) | Acc: (98.79%) (49395/50000)
# TEST : Loss: (0.4293) | Acc: (91.35%) (9135/10000)
Epoch: 141 | Batch_idx: 195 |  Loss: (0.0323) | Acc: (98.91%) (49455/50000)
# TEST : Loss: (0.4228) | Acc: (91.47%) (9147/10000)
Epoch: 142 | Batch_idx: 195 |  Loss: (0.0345) | Acc: (98.84%) (49418/50000)
# TEST : Loss: (0.4309) | Acc: (91.15%) (9115/10000)
Epoch: 143 | Batch_idx: 195 |  Loss: (0.0364) | Acc: (98.75%) (49377/50000)
# TEST : Loss: (0.4242) | Acc: (91.48%) (9148/10000)
Epoch: 144 | Batch_idx: 195 |  Loss: (0.0343) | Acc: (98.77%) (49383/50000)
# TEST : Loss: (0.4457) | Acc: (91.12%) (9112/10000)
Epoch: 145 | Batch_idx: 195 |  Loss: (0.0314) | Acc: (98.92%) (49458/50000)
# TEST : Loss: (0.4565) | Acc: (90.93%) (9093/10000)
Epoch: 146 | Batch_idx: 195 |  Loss: (0.0306) | Acc: (98.97%) (49487/50000)
# TEST : Loss: (0.4510) | Acc: (91.28%) (9128/10000)
Epoch: 147 | Batch_idx: 195 |  Loss: (0.0302) | Acc: (98.96%) (49478/50000)
# TEST : Loss: (0.4514) | Acc: (91.39%) (9139/10000)
Epoch: 148 | Batch_idx: 195 |  Loss: (0.0338) | Acc: (98.83%) (49417/50000)
# TEST : Loss: (0.4468) | Acc: (90.94%) (9094/10000)
Epoch: 149 | Batch_idx: 195 |  Loss: (0.0318) | Acc: (98.86%) (49431/50000)
# TEST : Loss: (0.4901) | Acc: (90.73%) (9073/10000)
Epoch: 150 | Batch_idx: 195 |  Loss: (0.0330) | Acc: (98.88%) (49439/50000)
# TEST : Loss: (0.4255) | Acc: (91.20%) (9120/10000)
Epoch: 151 | Batch_idx: 195 |  Loss: (0.0344) | Acc: (98.85%) (49426/50000)
# TEST : Loss: (0.4608) | Acc: (91.17%) (9117/10000)
Epoch: 152 | Batch_idx: 195 |  Loss: (0.0330) | Acc: (98.85%) (49424/50000)
# TEST : Loss: (0.4438) | Acc: (91.09%) (9109/10000)
Epoch: 153 | Batch_idx: 195 |  Loss: (0.0303) | Acc: (98.98%) (49488/50000)
# TEST : Loss: (0.4193) | Acc: (92.03%) (9203/10000)
Epoch: 154 | Batch_idx: 195 |  Loss: (0.0292) | Acc: (99.02%) (49508/50000)
# TEST : Loss: (0.4494) | Acc: (91.11%) (9111/10000)
Epoch: 155 | Batch_idx: 195 |  Loss: (0.0298) | Acc: (98.97%) (49486/50000)
# TEST : Loss: (0.4567) | Acc: (90.94%) (9094/10000)
Epoch: 156 | Batch_idx: 195 |  Loss: (0.0291) | Acc: (98.99%) (49497/50000)
# TEST : Loss: (0.4562) | Acc: (90.92%) (9092/10000)
Epoch: 157 | Batch_idx: 195 |  Loss: (0.0291) | Acc: (99.01%) (49506/50000)
# TEST : Loss: (0.4461) | Acc: (91.24%) (9124/10000)
Epoch: 158 | Batch_idx: 195 |  Loss: (0.0333) | Acc: (98.86%) (49429/50000)
# TEST : Loss: (0.4529) | Acc: (91.04%) (9104/10000)
Epoch: 159 | Batch_idx: 195 |  Loss: (0.0311) | Acc: (98.95%) (49474/50000)
# TEST : Loss: (0.4250) | Acc: (91.43%) (9143/10000)
Epoch: 160 | Batch_idx: 195 |  Loss: (0.0292) | Acc: (99.06%) (49528/50000)
# TEST : Loss: (0.4422) | Acc: (91.23%) (9123/10000)
Epoch: 161 | Batch_idx: 195 |  Loss: (0.0275) | Acc: (99.04%) (49522/50000)
# TEST : Loss: (0.4652) | Acc: (91.08%) (9108/10000)
Epoch: 162 | Batch_idx: 195 |  Loss: (0.0309) | Acc: (98.93%) (49464/50000)
# TEST : Loss: (0.4564) | Acc: (91.46%) (9146/10000)
Epoch: 163 | Batch_idx: 195 |  Loss: (0.0330) | Acc: (98.86%) (49432/50000)
# TEST : Loss: (0.4727) | Acc: (90.74%) (9074/10000)
Epoch: 164 | Batch_idx: 195 |  Loss: (0.0285) | Acc: (98.99%) (49495/50000)
# TEST : Loss: (0.4151) | Acc: (91.35%) (9135/10000)
Epoch: 165 | Batch_idx: 195 |  Loss: (0.0284) | Acc: (99.01%) (49505/50000)
# TEST : Loss: (0.4105) | Acc: (91.50%) (9150/10000)
Epoch: 166 | Batch_idx: 195 |  Loss: (0.0269) | Acc: (99.03%) (49515/50000)
# TEST : Loss: (0.4457) | Acc: (91.35%) (9135/10000)
Epoch: 167 | Batch_idx: 195 |  Loss: (0.0270) | Acc: (99.08%) (49542/50000)
# TEST : Loss: (0.4518) | Acc: (91.35%) (9135/10000)
Epoch: 168 | Batch_idx: 195 |  Loss: (0.0291) | Acc: (99.00%) (49499/50000)
# TEST : Loss: (0.4760) | Acc: (90.83%) (9083/10000)
Epoch: 169 | Batch_idx: 195 |  Loss: (0.0316) | Acc: (98.92%) (49458/50000)
# TEST : Loss: (0.4607) | Acc: (91.14%) (9114/10000)
Epoch: 170 | Batch_idx: 195 |  Loss: (0.0302) | Acc: (99.01%) (49504/50000)
# TEST : Loss: (0.4384) | Acc: (90.92%) (9092/10000)
Epoch: 171 | Batch_idx: 195 |  Loss: (0.0242) | Acc: (99.16%) (49581/50000)
# TEST : Loss: (0.4191) | Acc: (91.67%) (9167/10000)
Epoch: 172 | Batch_idx: 195 |  Loss: (0.0296) | Acc: (98.97%) (49486/50000)
# TEST : Loss: (0.4754) | Acc: (90.97%) (9097/10000)
Epoch: 173 | Batch_idx: 195 |  Loss: (0.0269) | Acc: (99.11%) (49557/50000)
# TEST : Loss: (0.4235) | Acc: (91.66%) (9166/10000)
Epoch: 174 | Batch_idx: 195 |  Loss: (0.0294) | Acc: (98.98%) (49489/50000)
# TEST : Loss: (0.4543) | Acc: (91.10%) (9110/10000)
Epoch: 175 | Batch_idx: 195 |  Loss: (0.0287) | Acc: (99.02%) (49509/50000)
# TEST : Loss: (0.4510) | Acc: (91.02%) (9102/10000)
Epoch: 176 | Batch_idx: 195 |  Loss: (0.0312) | Acc: (98.94%) (49469/50000)
# TEST : Loss: (0.4460) | Acc: (91.28%) (9128/10000)
Epoch: 177 | Batch_idx: 195 |  Loss: (0.0281) | Acc: (99.05%) (49526/50000)
# TEST : Loss: (0.4578) | Acc: (91.07%) (9107/10000)
Epoch: 178 | Batch_idx: 195 |  Loss: (0.0296) | Acc: (98.96%) (49478/50000)
# TEST : Loss: (0.4356) | Acc: (90.89%) (9089/10000)
Epoch: 179 | Batch_idx: 195 |  Loss: (0.0266) | Acc: (99.10%) (49549/50000)
# TEST : Loss: (0.4085) | Acc: (91.63%) (9163/10000)
Epoch: 180 | Batch_idx: 195 |  Loss: (0.0240) | Acc: (99.22%) (49612/50000)
# TEST : Loss: (0.4325) | Acc: (91.35%) (9135/10000)
Epoch: 181 | Batch_idx: 195 |  Loss: (0.0253) | Acc: (99.12%) (49558/50000)
# TEST : Loss: (0.4441) | Acc: (91.13%) (9113/10000)
Epoch: 182 | Batch_idx: 195 |  Loss: (0.0240) | Acc: (99.21%) (49605/50000)
# TEST : Loss: (0.4693) | Acc: (90.76%) (9076/10000)
Epoch: 183 | Batch_idx: 195 |  Loss: (0.0278) | Acc: (99.01%) (49504/50000)
# TEST : Loss: (0.4683) | Acc: (90.88%) (9088/10000)
Epoch: 184 | Batch_idx: 195 |  Loss: (0.0294) | Acc: (98.96%) (49478/50000)
# TEST : Loss: (0.4298) | Acc: (91.15%) (9115/10000)
Epoch: 185 | Batch_idx: 195 |  Loss: (0.0248) | Acc: (99.16%) (49579/50000)
# TEST : Loss: (0.4525) | Acc: (91.39%) (9139/10000)
Epoch: 186 | Batch_idx: 195 |  Loss: (0.0242) | Acc: (99.20%) (49601/50000)
# TEST : Loss: (0.4532) | Acc: (91.19%) (9119/10000)
Epoch: 187 | Batch_idx: 195 |  Loss: (0.0264) | Acc: (99.11%) (49554/50000)
# TEST : Loss: (0.4726) | Acc: (91.09%) (9109/10000)
Epoch: 188 | Batch_idx: 195 |  Loss: (0.0254) | Acc: (99.16%) (49582/50000)
# TEST : Loss: (0.4426) | Acc: (91.43%) (9143/10000)
Epoch: 189 | Batch_idx: 195 |  Loss: (0.0258) | Acc: (99.11%) (49555/50000)
# TEST : Loss: (0.4295) | Acc: (91.54%) (9154/10000)
###### Best accuracy #####
epoch :  153   highest accuracy :  92.03
##########################
7 hours 41 mins 53 secs for training
